<?xml version="1.0" encoding="UTF-8"?>
<!-- Generated by org.testng.reporters.JUnitReportReporter -->
<testsuite hostname="natalia-HP-Pavilion-dv6-Notebook-PC" name="functional.tests.FindOwnersTest" tests="2" failures="0" timestamp="30 Jan 2017 19:02:20 GMT" time="27.720" errors="0">
  <testcase name="findOwnerTest" time="26.010" classname="functional.tests.FindOwnersTest"/>
  <testcase name="getButtonTitleTest" time="1.710" classname="functional.tests.FindOwnersTest"/>
</testsuite> <!-- functional.tests.FindOwnersTest -->
