<?xml version="1.0" encoding="UTF-8"?>
<!-- Generated by org.testng.reporters.JUnitReportReporter -->
<testsuite hostname="natalia-HP-Pavilion-dv6-Notebook-PC" name="functional.tests.AddOwnersTest" tests="1" failures="0" timestamp="30 Jan 2017 19:02:20 GMT" time="5.365" errors="0">
  <testcase name="addOwnerTest" time="5.365" classname="functional.tests.AddOwnersTest"/>
</testsuite> <!-- functional.tests.AddOwnersTest -->
