<?xml version="1.0" encoding="UTF-8"?>
<!-- Generated by org.testng.reporters.JUnitReportReporter -->
<testsuite hostname="natalia-HP-Pavilion-dv6-Notebook-PC" name="functional.tests.HomePageTest" tests="1" failures="0" timestamp="30 Jan 2017 19:02:20 GMT" time="0.288" errors="0">
  <testcase name="verifyPageTitle" time="0.288" classname="functional.tests.HomePageTest"/>
</testsuite> <!-- functional.tests.HomePageTest -->
